[2025-12-10 06:36:01,239] INFO django.utils.autoreload - Watching for file changes with StatReloader
[2025-12-10 06:36:57,394] INFO django.utils.autoreload - Watching for file changes with StatReloader
[2025-12-10 06:37:09,326] INFO django.server - "GET /admin/user/user/ HTTP/1.1" 200 10407
[2025-12-10 06:37:09,351] INFO django.server - "GET /admin/jsi18n/ HTTP/1.1" 200 3342
[2025-12-10 06:37:12,954] INFO django.server - "POST /admin/user/user/ HTTP/1.1" 200 9001
[2025-12-10 06:37:13,971] INFO django.server - "POST /admin/user/user/ HTTP/1.1" 302 0
[2025-12-10 06:37:13,994] INFO django.server - "GET /admin/user/user/ HTTP/1.1" 200 10169
[2025-12-10 06:37:14,017] INFO django.server - "GET /admin/jsi18n/ HTTP/1.1" 200 3342
[2025-12-10 06:37:18,256] INFO django.server - "POST /api/auth/register/ HTTP/1.1" 201 238
[2025-12-10 06:37:47,910] INFO django.utils.autoreload - /Users/minhazurrahman/Desktop/Django/core/services/email/base.py changed, reloading.
[2025-12-10 06:37:48,220] INFO django.utils.autoreload - Watching for file changes with StatReloader
[2025-12-10 06:37:50,364] INFO django.utils.autoreload - /Users/minhazurrahman/Desktop/Django/core/services/email/base.py changed, reloading.
[2025-12-10 06:37:50,560] INFO django.utils.autoreload - Watching for file changes with StatReloader
[2025-12-10 06:37:51,681] INFO django.utils.autoreload - /Users/minhazurrahman/Desktop/Django/core/services/email/base.py changed, reloading.
[2025-12-10 06:37:51,846] INFO django.utils.autoreload - Watching for file changes with StatReloader
[2025-12-10 06:37:59,127] INFO django.utils.autoreload - /Users/minhazurrahman/Desktop/Django/core/services/email/base.py changed, reloading.
[2025-12-10 06:37:59,334] INFO django.utils.autoreload - Watching for file changes with StatReloader
[2025-12-10 06:38:02,489] INFO django.utils.autoreload - /Users/minhazurrahman/Desktop/Django/core/services/email/base.py changed, reloading.
[2025-12-10 06:38:02,691] INFO django.utils.autoreload - Watching for file changes with StatReloader
[2025-12-10 06:38:03,752] INFO django.utils.autoreload - /Users/minhazurrahman/Desktop/Django/core/services/email/base.py changed, reloading.
[2025-12-10 06:38:03,932] INFO django.utils.autoreload - Watching for file changes with StatReloader
[2025-12-10 06:38:05,038] INFO django.utils.autoreload - /Users/minhazurrahman/Desktop/Django/core/services/email/base.py changed, reloading.
[2025-12-10 06:38:05,220] INFO django.utils.autoreload - Watching for file changes with StatReloader
[2025-12-10 06:38:08,372] INFO django.utils.autoreload - /Users/minhazurrahman/Desktop/Django/core/services/email/base.py changed, reloading.
[2025-12-10 06:38:08,584] INFO django.utils.autoreload - Watching for file changes with StatReloader
[2025-12-10 06:38:21,006] INFO django.utils.autoreload - /Users/minhazurrahman/Desktop/Django/core/services/email/base.py changed, reloading.
[2025-12-10 06:38:21,198] INFO django.utils.autoreload - Watching for file changes with StatReloader
[2025-12-10 06:38:43,888] INFO django.utils.autoreload - /Users/minhazurrahman/Desktop/Django/core/services/email/otp_services.py changed, reloading.
[2025-12-10 06:38:44,108] INFO django.utils.autoreload - Watching for file changes with StatReloader
[2025-12-10 06:38:46,252] INFO django.utils.autoreload - /Users/minhazurrahman/Desktop/Django/core/services/email/otp_services.py changed, reloading.
[2025-12-10 06:38:46,431] INFO django.utils.autoreload - Watching for file changes with StatReloader
[2025-12-10 06:38:51,617] INFO django.utils.autoreload - /Users/minhazurrahman/Desktop/Django/core/services/email/otp_services.py changed, reloading.
[2025-12-10 06:38:51,800] INFO django.utils.autoreload - Watching for file changes with StatReloader
[2025-12-10 06:38:55,984] INFO django.utils.autoreload - /Users/minhazurrahman/Desktop/Django/core/services/email/otp_services.py changed, reloading.
[2025-12-10 06:38:56,171] INFO django.utils.autoreload - Watching for file changes with StatReloader
[2025-12-10 06:39:07,494] INFO django.utils.autoreload - /Users/minhazurrahman/Desktop/Django/core/services/email/otp_services.py changed, reloading.
[2025-12-10 06:39:07,686] INFO django.utils.autoreload - Watching for file changes with StatReloader
[2025-12-10 06:39:35,515] INFO django.utils.autoreload - /Users/minhazurrahman/Desktop/Django/core/services/email/otp_services.py changed, reloading.
[2025-12-10 06:39:35,726] INFO django.utils.autoreload - Watching for file changes with StatReloader
[2025-12-10 06:39:36,843] INFO django.utils.autoreload - /Users/minhazurrahman/Desktop/Django/core/services/email/otp_services.py changed, reloading.
[2025-12-10 06:39:37,007] INFO django.utils.autoreload - Watching for file changes with StatReloader
[2025-12-10 06:39:39,131] INFO django.utils.autoreload - /Users/minhazurrahman/Desktop/Django/core/services/email/otp_services.py changed, reloading.
[2025-12-10 06:39:39,341] INFO django.utils.autoreload - Watching for file changes with StatReloader
[2025-12-10 06:39:42,504] INFO django.utils.autoreload - /Users/minhazurrahman/Desktop/Django/core/services/email/otp_services.py changed, reloading.
[2025-12-10 06:39:42,698] INFO django.utils.autoreload - Watching for file changes with StatReloader
[2025-12-10 06:39:47,922] INFO django.utils.autoreload - /Users/minhazurrahman/Desktop/Django/core/services/email/otp_services.py changed, reloading.
[2025-12-10 06:39:48,113] INFO django.utils.autoreload - Watching for file changes with StatReloader
[2025-12-10 06:39:51,262] INFO django.utils.autoreload - /Users/minhazurrahman/Desktop/Django/core/services/email/otp_services.py changed, reloading.
[2025-12-10 06:39:51,473] INFO django.utils.autoreload - Watching for file changes with StatReloader
[2025-12-10 06:41:09,010] INFO django.server - "GET /admin/user/user/ HTTP/1.1" 200 10407
[2025-12-10 06:41:09,042] INFO django.server - "GET /admin/jsi18n/ HTTP/1.1" 200 3342
[2025-12-10 06:41:12,865] INFO django.server - "POST /admin/user/user/ HTTP/1.1" 200 9001
[2025-12-10 06:41:13,692] INFO django.server - "POST /admin/user/user/ HTTP/1.1" 302 0
[2025-12-10 06:41:13,716] INFO django.server - "GET /admin/user/user/ HTTP/1.1" 200 10169
[2025-12-10 06:41:13,742] INFO django.server - "GET /admin/jsi18n/ HTTP/1.1" 200 3342
[2025-12-10 06:41:32,946] INFO django.server - "POST /api/auth/register/ HTTP/1.1" 201 238
[2025-12-10 06:41:34,301] WARNING django.server - "POST /api/auth/register/ HTTP/1.1" 400 195
[2025-12-10 06:42:12,396] INFO django.utils.autoreload - /Users/minhazurrahman/Desktop/Django/core/utils/error_formatter.py changed, reloading.
[2025-12-10 06:42:12,670] INFO django.utils.autoreload - Watching for file changes with StatReloader
[2025-12-10 06:42:14,846] INFO django.utils.autoreload - /Users/minhazurrahman/Desktop/Django/core/utils/error_formatter.py changed, reloading.
[2025-12-10 06:42:15,029] INFO django.utils.autoreload - Watching for file changes with StatReloader
[2025-12-10 06:42:18,195] INFO django.utils.autoreload - /Users/minhazurrahman/Desktop/Django/core/utils/error_formatter.py changed, reloading.
[2025-12-10 06:42:18,385] INFO django.utils.autoreload - Watching for file changes with StatReloader
[2025-12-10 06:42:20,528] INFO django.utils.autoreload - /Users/minhazurrahman/Desktop/Django/core/utils/error_formatter.py changed, reloading.
[2025-12-10 06:42:20,705] INFO django.utils.autoreload - Watching for file changes with StatReloader
[2025-12-10 06:50:01,891] INFO django.server - "GET /admin/user/user/ HTTP/1.1" 200 10407
[2025-12-10 06:50:01,921] INFO django.server - "GET /admin/jsi18n/ HTTP/1.1" 200 3342
[2025-12-10 06:50:03,638] INFO django.server - "GET /admin/user/user/28079d9a-4a97-4021-99b8-1211cd3b155d/change/ HTTP/1.1" 200 20337
[2025-12-10 06:50:03,680] INFO django.server - "GET /static/admin/css/forms.css HTTP/1.1" 200 8525
[2025-12-10 06:50:03,681] INFO django.server - "GET /static/admin/js/prepopulate_init.js HTTP/1.1" 200 586
[2025-12-10 06:50:03,683] INFO django.server - "GET /static/admin/js/calendar.js HTTP/1.1" 200 9141
[2025-12-10 06:50:03,683] INFO django.server - "GET /static/admin/js/admin/DateTimeShortcuts.js HTTP/1.1" 200 19319
[2025-12-10 06:50:03,684] INFO django.server - "GET /static/admin/css/widgets.css HTTP/1.1" 200 11973
[2025-12-10 06:50:03,685] INFO django.server - "GET /admin/jsi18n/ HTTP/1.1" 200 3342
[2025-12-10 06:50:03,690] INFO django.server - "GET /static/admin/js/change_form.js HTTP/1.1" 200 606
[2025-12-10 06:50:03,724] INFO django.server - "GET /static/admin/img/icon-calendar.svg HTTP/1.1" 200 1086
[2025-12-10 06:50:03,725] INFO django.server - "GET /static/admin/img/icon-clock.svg HTTP/1.1" 200 677
[2025-12-10 06:50:44,761] INFO django.utils.autoreload - /Users/minhazurrahman/Desktop/Django/core/services/email/otp_services.py changed, reloading.
[2025-12-10 06:50:45,038] INFO django.utils.autoreload - Watching for file changes with StatReloader
[2025-12-10 06:51:04,654] INFO django.utils.autoreload - /Users/minhazurrahman/Desktop/Django/core/services/email/base.py changed, reloading.
[2025-12-10 06:51:04,845] INFO django.utils.autoreload - Watching for file changes with StatReloader
[2025-12-10 06:52:04,481] INFO django.utils.autoreload - /Users/minhazurrahman/Desktop/Django/core/settings.py changed, reloading.
[2025-12-10 06:52:04,675] INFO django.utils.autoreload - Watching for file changes with StatReloader
[2025-12-10 06:52:11,817] WARNING django.server - "POST /api/auth/register/ HTTP/1.1" 400 195
[2025-12-10 06:52:23,024] INFO django.server - "GET /admin/user/user/ HTTP/1.1" 200 10407
[2025-12-10 06:52:23,056] INFO django.server - "GET /admin/jsi18n/ HTTP/1.1" 200 3342
[2025-12-10 06:52:28,001] INFO django.server - "POST /admin/user/user/ HTTP/1.1" 200 9001
[2025-12-10 06:52:29,468] INFO django.server - "POST /admin/user/user/ HTTP/1.1" 302 0
[2025-12-10 06:52:29,496] INFO django.server - "GET /admin/user/user/ HTTP/1.1" 200 10169
[2025-12-10 06:52:29,522] INFO django.server - "GET /admin/jsi18n/ HTTP/1.1" 200 3342
[2025-12-10 06:52:40,669] INFO django.server - "POST /api/auth/register/ HTTP/1.1" 201 238
[2025-12-10 06:53:45,431] WARNING django.server - "POST /api/auth/verify-account/ HTTP/1.1" 400 79
[2025-12-10 06:53:51,049] WARNING django.server - "POST /api/auth/verify-account/ HTTP/1.1" 401 56
[2025-12-10 06:54:17,302] INFO django.server - "POST /api/auth/verify-account/ HTTP/1.1" 200 72
[2025-12-10 06:54:27,926] INFO django.server - "GET /admin/user/user/ HTTP/1.1" 200 10407
[2025-12-10 06:54:27,964] INFO django.server - "GET /admin/jsi18n/ HTTP/1.1" 200 3342
[2025-12-10 06:54:29,586] INFO django.server - "GET /admin/user/user/5a12360e-210f-49b5-a284-41604969b19f/change/ HTTP/1.1" 200 20345
[2025-12-10 06:54:29,626] INFO django.server - "GET /admin/jsi18n/ HTTP/1.1" 200 3342
[2025-12-10 10:02:26,168] INFO django.utils.autoreload - /Users/minhazurrahman/Desktop/Django/user/views.py changed, reloading.
[2025-12-10 10:02:26,504] INFO django.utils.autoreload - Watching for file changes with StatReloader
[2025-12-10 10:02:33,805] INFO django.utils.autoreload - /Users/minhazurrahman/Desktop/Django/user/views.py changed, reloading.
[2025-12-10 10:02:34,020] INFO django.utils.autoreload - Watching for file changes with StatReloader
[2025-12-10 10:02:59,794] INFO django.utils.autoreload - /Users/minhazurrahman/Desktop/Django/user/views.py changed, reloading.
[2025-12-10 10:03:00,057] INFO django.utils.autoreload - Watching for file changes with StatReloader
[2025-12-10 10:03:05,303] INFO django.utils.autoreload - /Users/minhazurrahman/Desktop/Django/user/views.py changed, reloading.
[2025-12-10 10:03:05,488] INFO django.utils.autoreload - Watching for file changes with StatReloader
[2025-12-10 10:03:07,603] INFO django.utils.autoreload - /Users/minhazurrahman/Desktop/Django/user/views.py changed, reloading.
[2025-12-10 10:03:07,790] INFO django.utils.autoreload - Watching for file changes with StatReloader
[2025-12-10 10:03:10,890] INFO django.utils.autoreload - /Users/minhazurrahman/Desktop/Django/user/views.py changed, reloading.
[2025-12-10 10:03:11,048] INFO django.utils.autoreload - Watching for file changes with StatReloader
[2025-12-10 10:03:14,158] INFO django.utils.autoreload - /Users/minhazurrahman/Desktop/Django/user/views.py changed, reloading.
[2025-12-10 10:03:14,351] INFO django.utils.autoreload - Watching for file changes with StatReloader
[2025-12-10 10:03:18,514] INFO django.utils.autoreload - /Users/minhazurrahman/Desktop/Django/user/views.py changed, reloading.
[2025-12-10 10:03:18,699] INFO django.utils.autoreload - Watching for file changes with StatReloader
[2025-12-10 10:51:09,456] WARNING django.server - "POST /api/auth/verify-account/ HTTP/1.1" 400 76
[2025-12-10 10:51:30,434] WARNING django.server - "POST /api/auth/verify-account/ HTTP/1.1" 401 56
[2025-12-10 10:52:26,670] INFO django.utils.autoreload - /Users/minhazurrahman/Desktop/Django/user/views.py changed, reloading.
[2025-12-10 10:52:26,981] INFO django.utils.autoreload - Watching for file changes with StatReloader
[2025-12-10 10:52:29,141] WARNING django.server - "POST /api/auth/verify-account/ HTTP/1.1" 401 70
[2025-12-10 10:52:40,511] INFO django.utils.autoreload - /Users/minhazurrahman/Desktop/Django/user/views.py changed, reloading.
[2025-12-10 10:52:40,704] INFO django.utils.autoreload - Watching for file changes with StatReloader
[2025-12-10 10:52:42,840] INFO django.utils.autoreload - /Users/minhazurrahman/Desktop/Django/user/views.py changed, reloading.
[2025-12-10 10:52:43,030] INFO django.utils.autoreload - Watching for file changes with StatReloader
[2025-12-10 10:58:54,937] WARNING django.server - "POST /api/auth/verify-account/ HTTP/1.1" 401 70
[2025-12-10 10:59:06,393] WARNING django.server - "POST /api/auth/verify-account/ HTTP/1.1" 400 76
[2025-12-10 11:00:05,016] INFO django.server - "GET /admin/user/user/5a12360e-210f-49b5-a284-41604969b19f/change/ HTTP/1.1" 200 20345
[2025-12-10 11:00:05,043] INFO django.server - "GET /admin/jsi18n/ HTTP/1.1" 200 3342
[2025-12-10 11:00:07,079] INFO django.server - "GET /admin/user/user/ HTTP/1.1" 200 10407
[2025-12-10 11:00:07,113] INFO django.server - "GET /admin/jsi18n/ HTTP/1.1" 200 3342
[2025-12-10 11:01:12,789] INFO django.utils.autoreload - /Users/minhazurrahman/Desktop/Django/user/views.py changed, reloading.
[2025-12-10 11:01:13,066] INFO django.utils.autoreload - Watching for file changes with StatReloader
[2025-12-10 11:01:16,202] INFO django.utils.autoreload - /Users/minhazurrahman/Desktop/Django/user/views.py changed, reloading.
[2025-12-10 11:01:16,443] INFO django.utils.autoreload - Watching for file changes with StatReloader
[2025-12-10 11:01:18,695] INFO django.utils.autoreload - /Users/minhazurrahman/Desktop/Django/user/views.py changed, reloading.
[2025-12-10 11:01:18,869] INFO django.utils.autoreload - Watching for file changes with StatReloader
[2025-12-10 11:03:44,046] INFO django.utils.autoreload - /Users/minhazurrahman/Desktop/Django/user/views.py changed, reloading.
[2025-12-10 11:03:44,335] INFO django.utils.autoreload - Watching for file changes with StatReloader
[2025-12-10 11:03:46,449] INFO django.utils.autoreload - /Users/minhazurrahman/Desktop/Django/user/views.py changed, reloading.
[2025-12-10 11:03:46,640] INFO django.utils.autoreload - Watching for file changes with StatReloader
[2025-12-10 11:03:50,837] INFO django.utils.autoreload - /Users/minhazurrahman/Desktop/Django/user/views.py changed, reloading.
[2025-12-10 11:03:51,038] INFO django.utils.autoreload - Watching for file changes with StatReloader
[2025-12-10 11:03:58,284] INFO django.utils.autoreload - /Users/minhazurrahman/Desktop/Django/user/views.py changed, reloading.
[2025-12-10 11:03:58,469] INFO django.utils.autoreload - Watching for file changes with StatReloader
[2025-12-10 11:04:09,848] INFO django.utils.autoreload - /Users/minhazurrahman/Desktop/Django/user/views.py changed, reloading.
[2025-12-10 11:04:10,048] INFO django.utils.autoreload - Watching for file changes with StatReloader
[2025-12-10 11:04:33,763] INFO django.utils.autoreload - /Users/minhazurrahman/Desktop/Django/user/views.py changed, reloading.
[2025-12-10 11:04:33,953] INFO django.utils.autoreload - Watching for file changes with StatReloader
[2025-12-10 11:04:43,258] INFO django.utils.autoreload - /Users/minhazurrahman/Desktop/Django/user/views.py changed, reloading.
[2025-12-10 11:04:43,461] INFO django.utils.autoreload - Watching for file changes with StatReloader
[2025-12-10 11:05:11,319] INFO django.utils.autoreload - /Users/minhazurrahman/Desktop/Django/user/views.py changed, reloading.
[2025-12-10 11:05:11,527] INFO django.utils.autoreload - Watching for file changes with StatReloader
[2025-12-10 11:05:20,857] INFO django.utils.autoreload - /Users/minhazurrahman/Desktop/Django/user/views.py changed, reloading.
[2025-12-10 11:05:21,054] INFO django.utils.autoreload - Watching for file changes with StatReloader
[2025-12-10 11:05:38,608] INFO django.utils.autoreload - /Users/minhazurrahman/Desktop/Django/user/views.py changed, reloading.
[2025-12-10 11:05:38,804] INFO django.utils.autoreload - Watching for file changes with StatReloader
[2025-12-10 11:06:50,464] WARNING django.server - "POST /api/auth/resend-otp/ HTTP/1.1" 404 58
[2025-12-10 11:07:47,477] INFO django.utils.autoreload - /Users/minhazurrahman/Desktop/Django/user/views.py changed, reloading.
[2025-12-10 11:07:47,758] INFO django.utils.autoreload - Watching for file changes with StatReloader
[2025-12-10 11:10:26,377] INFO django.utils.autoreload - /Users/minhazurrahman/Desktop/Django/user/views.py changed, reloading.
[2025-12-10 11:10:26,666] INFO django.utils.autoreload - Watching for file changes with StatReloader
[2025-12-10 11:10:27,802] INFO django.utils.autoreload - /Users/minhazurrahman/Desktop/Django/user/views.py changed, reloading.
[2025-12-10 11:10:27,973] INFO django.utils.autoreload - Watching for file changes with StatReloader
[2025-12-10 11:10:35,224] INFO django.utils.autoreload - /Users/minhazurrahman/Desktop/Django/user/views.py changed, reloading.
[2025-12-10 11:10:35,424] INFO django.utils.autoreload - Watching for file changes with StatReloader
[2025-12-10 11:10:46,816] INFO django.utils.autoreload - /Users/minhazurrahman/Desktop/Django/user/views.py changed, reloading.
[2025-12-10 11:10:47,024] INFO django.utils.autoreload - Watching for file changes with StatReloader
[2025-12-10 11:10:53,278] INFO django.utils.autoreload - /Users/minhazurrahman/Desktop/Django/user/views.py changed, reloading.
[2025-12-10 11:10:53,469] INFO django.utils.autoreload - Watching for file changes with StatReloader
[2025-12-10 11:10:55,576] INFO django.utils.autoreload - /Users/minhazurrahman/Desktop/Django/user/views.py changed, reloading.
[2025-12-10 11:10:55,759] INFO django.utils.autoreload - Watching for file changes with StatReloader
[2025-12-10 11:13:53,124] INFO django.server - "POST /api/auth/resend-otp/ HTTP/1.1" 200 80
[2025-12-10 11:14:56,487] INFO django.server - "POST /api/auth/resend-otp/ HTTP/1.1" 200 80
[2025-12-10 11:15:01,573] WARNING django.server - "POST /api/auth/resend-otp/ HTTP/1.1" 429 100
[2025-12-10 11:15:09,557] WARNING django.server - "POST /api/auth/resend-otp/ HTTP/1.1" 429 100
[2025-12-10 11:15:18,359] WARNING django.server - "POST /api/auth/resend-otp/ HTTP/1.1" 429 99
[2025-12-10 11:15:26,013] WARNING django.server - "POST /api/auth/resend-otp/ HTTP/1.1" 429 99
[2025-12-10 11:15:32,774] INFO django.server - "POST /api/auth/resend-otp/ HTTP/1.1" 200 80
[2025-12-10 11:16:15,935] INFO django.utils.autoreload - /Users/minhazurrahman/Desktop/Django/user/views.py changed, reloading.
[2025-12-10 11:16:16,196] INFO django.utils.autoreload - Watching for file changes with StatReloader
[2025-12-10 11:16:18,332] INFO django.utils.autoreload - /Users/minhazurrahman/Desktop/Django/user/views.py changed, reloading.
[2025-12-10 11:16:18,518] INFO django.utils.autoreload - Watching for file changes with StatReloader
[2025-12-10 11:17:00,622] INFO django.utils.autoreload - /Users/minhazurrahman/Desktop/Django/user/urls.py changed, reloading.
[2025-12-10 11:17:00,875] INFO django.utils.autoreload - Watching for file changes with StatReloader
[2025-12-10 11:17:01,953] INFO django.utils.autoreload - /Users/minhazurrahman/Desktop/Django/user/urls.py changed, reloading.
[2025-12-10 11:17:02,145] INFO django.utils.autoreload - Watching for file changes with StatReloader
[2025-12-10 11:17:11,469] INFO django.utils.autoreload - /Users/minhazurrahman/Desktop/Django/user/urls.py changed, reloading.
[2025-12-10 11:17:11,664] INFO django.utils.autoreload - Watching for file changes with StatReloader
[2025-12-10 11:17:17,911] INFO django.utils.autoreload - /Users/minhazurrahman/Desktop/Django/user/urls.py changed, reloading.
[2025-12-10 11:17:18,109] INFO django.utils.autoreload - Watching for file changes with StatReloader
[2025-12-10 11:17:22,301] INFO django.utils.autoreload - /Users/minhazurrahman/Desktop/Django/user/urls.py changed, reloading.
[2025-12-10 11:17:22,489] INFO django.utils.autoreload - Watching for file changes with StatReloader
[2025-12-10 11:17:29,767] INFO django.utils.autoreload - /Users/minhazurrahman/Desktop/Django/user/urls.py changed, reloading.
[2025-12-10 11:17:29,950] INFO django.utils.autoreload - Watching for file changes with StatReloader
[2025-12-10 11:17:38,237] INFO django.utils.autoreload - /Users/minhazurrahman/Desktop/Django/user/urls.py changed, reloading.
[2025-12-10 11:17:38,428] INFO django.utils.autoreload - Watching for file changes with StatReloader
[2025-12-10 11:17:56,624] WARNING django.server - "POST /api/auth/verify-otp/ HTTP/1.1" 400 76
[2025-12-10 11:18:01,214] WARNING django.server - "POST /api/auth/verify-otp/ HTTP/1.1" 401 70
[2025-12-10 11:18:17,553] WARNING django.server - "POST /api/auth/verify-otp/ HTTP/1.1" 400 76
[2025-12-10 11:20:10,130] INFO django.server - "POST /api/auth/resend-otp/ HTTP/1.1" 200 80
[2025-12-10 11:20:30,654] WARNING django.server - "POST /api/auth/verify-otp/ HTTP/1.1" 400 76
[2025-12-10 11:20:32,202] WARNING django.server - "POST /api/auth/verify-otp/ HTTP/1.1" 400 76
[2025-12-10 11:22:01,974] INFO django.utils.autoreload - /Users/minhazurrahman/Desktop/Django/user/urls.py changed, reloading.
[2025-12-10 11:22:02,244] INFO django.utils.autoreload - Watching for file changes with StatReloader
[2025-12-10 11:22:09,517] INFO django.utils.autoreload - /Users/minhazurrahman/Desktop/Django/user/urls.py changed, reloading.
[2025-12-10 11:22:09,697] INFO django.utils.autoreload - Watching for file changes with StatReloader
[2025-12-10 11:26:07,341] INFO django.utils.autoreload - /Users/minhazurrahman/Desktop/Django/user/views.py changed, reloading.
[2025-12-10 11:26:07,687] INFO django.utils.autoreload - Watching for file changes with StatReloader
[2025-12-10 11:26:20,134] INFO django.utils.autoreload - /Users/minhazurrahman/Desktop/Django/user/views.py changed, reloading.
[2025-12-10 11:26:20,411] INFO django.utils.autoreload - Watching for file changes with StatReloader
[2025-12-10 11:26:30,802] INFO django.utils.autoreload - /Users/minhazurrahman/Desktop/Django/user/views.py changed, reloading.
[2025-12-10 11:26:30,997] INFO django.utils.autoreload - Watching for file changes with StatReloader
[2025-12-10 11:26:33,132] INFO django.utils.autoreload - /Users/minhazurrahman/Desktop/Django/user/views.py changed, reloading.
[2025-12-10 11:26:33,309] INFO django.utils.autoreload - Watching for file changes with StatReloader
[2025-12-10 11:26:40,578] INFO django.utils.autoreload - /Users/minhazurrahman/Desktop/Django/user/views.py changed, reloading.
[2025-12-10 11:26:40,763] INFO django.utils.autoreload - Watching for file changes with StatReloader
[2025-12-10 11:40:14,287] INFO django.server - "GET /admin/user/user/5a12360e-210f-49b5-a284-41604969b19f/change/ HTTP/1.1" 200 20345
[2025-12-10 11:40:14,328] INFO django.server - "GET /admin/jsi18n/ HTTP/1.1" 200 3342
[2025-12-10 11:46:23,837] INFO django.utils.autoreload - /Users/minhazurrahman/Desktop/Django/core/services/email/otp_services.py changed, reloading.
[2025-12-10 11:46:24,141] INFO django.utils.autoreload - Watching for file changes with StatReloader
[2025-12-10 11:46:25,297] INFO django.utils.autoreload - /Users/minhazurrahman/Desktop/Django/core/services/email/otp_services.py changed, reloading.
[2025-12-10 11:46:25,459] INFO django.utils.autoreload - Watching for file changes with StatReloader
[2025-12-10 11:47:03,904] INFO django.server - "POST /api/auth/resend-otp/ HTTP/1.1" 200 80
[2025-12-10 11:56:45,637] INFO django.server - "POST /api/auth/resend-otp/ HTTP/1.1" 200 80
[2025-12-10 11:57:29,474] INFO django.server - "POST /api/auth/resend-otp/ HTTP/1.1" 200 80
[2025-12-10 11:58:25,072] INFO django.utils.autoreload - /Users/minhazurrahman/Desktop/Django/core/services/email/base.py changed, reloading.
[2025-12-10 11:58:25,358] INFO django.utils.autoreload - Watching for file changes with StatReloader
[2025-12-10 11:58:26,485] INFO django.utils.autoreload - /Users/minhazurrahman/Desktop/Django/core/services/email/base.py changed, reloading.
[2025-12-10 11:58:26,648] INFO django.utils.autoreload - Watching for file changes with StatReloader
[2025-12-10 11:58:27,760] INFO django.utils.autoreload - /Users/minhazurrahman/Desktop/Django/core/services/email/base.py changed, reloading.
[2025-12-10 11:58:27,923] INFO django.utils.autoreload - Watching for file changes with StatReloader
[2025-12-10 11:58:31,074] INFO django.utils.autoreload - /Users/minhazurrahman/Desktop/Django/core/services/email/base.py changed, reloading.
[2025-12-10 11:58:31,257] INFO django.utils.autoreload - Watching for file changes with StatReloader
[2025-12-10 11:58:42,175] INFO django.server - "POST /api/auth/resend-otp/ HTTP/1.1" 200 80
[2025-12-10 12:00:50,222] INFO django.utils.autoreload - /Users/minhazurrahman/Desktop/Django/core/services/email/base.py changed, reloading.
[2025-12-10 12:00:50,539] INFO django.utils.autoreload - Watching for file changes with StatReloader
[2025-12-10 12:01:39,022] INFO django.utils.autoreload - /Users/minhazurrahman/Desktop/Django/core/services/email/base.py changed, reloading.
[2025-12-10 12:01:39,307] INFO django.utils.autoreload - Watching for file changes with StatReloader
[2025-12-10 12:01:44,458] INFO django.utils.autoreload - /Users/minhazurrahman/Desktop/Django/core/services/email/base.py changed, reloading.
[2025-12-10 12:01:44,641] INFO django.utils.autoreload - Watching for file changes with StatReloader
[2025-12-10 12:01:51,906] INFO django.utils.autoreload - /Users/minhazurrahman/Desktop/Django/core/services/email/base.py changed, reloading.
[2025-12-10 12:01:52,113] INFO django.utils.autoreload - Watching for file changes with StatReloader
[2025-12-10 12:02:05,825] INFO django.server - "POST /api/auth/resend-otp/ HTTP/1.1" 200 80
[2025-12-10 12:04:24,529] INFO django.utils.autoreload - /Users/minhazurrahman/Desktop/Django/user/views.py changed, reloading.
[2025-12-10 12:04:24,816] INFO django.utils.autoreload - Watching for file changes with StatReloader
[2025-12-10 12:04:28,019] INFO django.utils.autoreload - /Users/minhazurrahman/Desktop/Django/user/views.py changed, reloading.
[2025-12-10 12:04:28,212] INFO django.utils.autoreload - Watching for file changes with StatReloader
[2025-12-10 12:04:53,675] WARNING django.server - "POST /api/auth/verify-otp/ HTTP/1.1" 400 76
[2025-12-10 12:05:42,355] INFO django.utils.autoreload - /Users/minhazurrahman/Desktop/Django/user/views.py changed, reloading.
[2025-12-10 12:05:42,643] INFO django.utils.autoreload - Watching for file changes with StatReloader
[2025-12-10 12:08:22,170] INFO django.utils.autoreload - /Users/minhazurrahman/Desktop/Django/user/views.py changed, reloading.
[2025-12-10 12:08:22,469] INFO django.utils.autoreload - Watching for file changes with StatReloader
[2025-12-10 12:08:24,579] INFO django.utils.autoreload - /Users/minhazurrahman/Desktop/Django/user/views.py changed, reloading.
[2025-12-10 12:08:24,769] INFO django.utils.autoreload - Watching for file changes with StatReloader
[2025-12-10 12:08:27,929] INFO django.utils.autoreload - /Users/minhazurrahman/Desktop/Django/user/views.py changed, reloading.
[2025-12-10 12:08:28,118] INFO django.utils.autoreload - Watching for file changes with StatReloader
[2025-12-10 12:08:37,461] INFO django.utils.autoreload - /Users/minhazurrahman/Desktop/Django/user/views.py changed, reloading.
[2025-12-10 12:08:37,685] INFO django.utils.autoreload - Watching for file changes with StatReloader
[2025-12-10 12:09:23,053] INFO django.utils.autoreload - /Users/minhazurrahman/Desktop/Django/user/views.py changed, reloading.
[2025-12-10 12:09:23,332] INFO django.utils.autoreload - Watching for file changes with StatReloader
[2025-12-10 12:09:34,715] WARNING django.server - "POST /api/auth/verify-otp/ HTTP/1.1" 400 76
[2025-12-10 12:12:34,851] INFO django.utils.autoreload - /Users/minhazurrahman/Desktop/Django/user/views.py changed, reloading.
[2025-12-10 12:12:35,165] INFO django.utils.autoreload - Watching for file changes with StatReloader
[2025-12-10 12:13:03,379] INFO django.server - "POST /api/auth/resend-otp/ HTTP/1.1" 200 80
[2025-12-10 12:13:21,212] WARNING django.server - "POST /api/auth/verify-otp/ HTTP/1.1" 401 70
[2025-12-10 12:14:25,388] INFO django.utils.autoreload - /Users/minhazurrahman/Desktop/Django/core/services/email/base.py changed, reloading.
[2025-12-10 12:14:25,703] INFO django.utils.autoreload - Watching for file changes with StatReloader
[2025-12-10 12:14:28,883] INFO django.utils.autoreload - /Users/minhazurrahman/Desktop/Django/core/services/email/base.py changed, reloading.
[2025-12-10 12:14:29,053] INFO django.utils.autoreload - Watching for file changes with StatReloader
[2025-12-10 12:14:31,188] INFO django.utils.autoreload - /Users/minhazurrahman/Desktop/Django/core/services/email/base.py changed, reloading.
[2025-12-10 12:14:31,393] INFO django.utils.autoreload - Watching for file changes with StatReloader
[2025-12-10 12:21:52,852] INFO django.utils.autoreload - /Users/minhazurrahman/Desktop/Django/core/services/email/otp_services.py changed, reloading.
[2025-12-10 12:21:53,162] INFO django.utils.autoreload - Watching for file changes with StatReloader
[2025-12-10 12:21:55,263] INFO django.utils.autoreload - /Users/minhazurrahman/Desktop/Django/core/services/email/otp_services.py changed, reloading.
[2025-12-10 12:21:55,457] INFO django.utils.autoreload - Watching for file changes with StatReloader
[2025-12-10 13:45:19,324] INFO django.utils.autoreload - /Users/minhazurrahman/Desktop/Django/user/views.py changed, reloading.
[2025-12-10 13:45:19,647] INFO django.utils.autoreload - Watching for file changes with StatReloader
[2025-12-10 13:45:20,821] INFO django.utils.autoreload - /Users/minhazurrahman/Desktop/Django/user/views.py changed, reloading.
[2025-12-10 13:45:20,982] INFO django.utils.autoreload - Watching for file changes with StatReloader
[2025-12-10 13:46:38,045] INFO django.server - "POST /api/auth/resend-otp/ HTTP/1.1" 200 80
[2025-12-10 13:46:59,925] WARNING django.server - "POST /api/auth/verify-otp/ HTTP/1.1" 401 70
[2025-12-10 13:47:00,811] WARNING django.server - "POST /api/auth/verify-otp/ HTTP/1.1" 401 70
[2025-12-10 13:47:01,368] WARNING django.server - "POST /api/auth/verify-otp/ HTTP/1.1" 401 70
[2025-12-10 13:47:16,356] INFO django.utils.autoreload - /Users/minhazurrahman/Desktop/Django/user/views.py changed, reloading.
[2025-12-10 13:47:16,662] INFO django.utils.autoreload - Watching for file changes with StatReloader
[2025-12-10 13:47:19,854] INFO django.utils.autoreload - /Users/minhazurrahman/Desktop/Django/user/views.py changed, reloading.
[2025-12-10 13:47:20,041] INFO django.utils.autoreload - Watching for file changes with StatReloader
[2025-12-10 13:47:23,163] INFO django.utils.autoreload - /Users/minhazurrahman/Desktop/Django/user/views.py changed, reloading.
[2025-12-10 13:47:23,343] INFO django.utils.autoreload - Watching for file changes with StatReloader
[2025-12-10 13:47:24,463] INFO django.utils.autoreload - /Users/minhazurrahman/Desktop/Django/user/views.py changed, reloading.
[2025-12-10 13:47:24,624] INFO django.utils.autoreload - Watching for file changes with StatReloader
[2025-12-10 13:47:35,644] WARNING django.server - "POST /api/auth/verify-otp/ HTTP/1.1" 401 70
[2025-12-10 13:47:51,470] INFO django.utils.autoreload - /Users/minhazurrahman/Desktop/Django/user/views.py changed, reloading.
[2025-12-10 13:47:51,748] INFO django.utils.autoreload - Watching for file changes with StatReloader
[2025-12-10 13:47:56,304] WARNING django.server - "POST /api/auth/verify-otp/ HTTP/1.1" 401 70
[2025-12-10 13:51:51,467] INFO django.utils.autoreload - /Users/minhazurrahman/Desktop/Django/user/views.py changed, reloading.
[2025-12-10 13:51:51,770] INFO django.utils.autoreload - Watching for file changes with StatReloader
[2025-12-10 13:55:15,941] INFO django.server - "GET /admin/user/user/ HTTP/1.1" 200 10407
[2025-12-10 13:55:15,990] INFO django.server - "GET /admin/jsi18n/ HTTP/1.1" 200 3342
[2025-12-10 13:55:19,911] INFO django.server - "GET /admin/user/user/5a12360e-210f-49b5-a284-41604969b19f/change/ HTTP/1.1" 200 20345
[2025-12-10 13:55:19,950] INFO django.server - "GET /admin/jsi18n/ HTTP/1.1" 200 3342
[2025-12-10 13:55:31,754] WARNING django.server - "POST /api/auth/verify-otp/ HTTP/1.1" 400 76
[2025-12-10 13:55:59,563] INFO django.server - "POST /api/auth/resend-otp/ HTTP/1.1" 200 80
[2025-12-10 13:56:22,100] WARNING django.server - "POST /api/auth/verify-account/ HTTP/1.1" 400 76
[2025-12-10 13:57:34,555] WARNING django.server - "POST /api/auth/verify-account/ HTTP/1.1" 400 76
[2025-12-10 13:59:42,114] INFO django.utils.autoreload - /Users/minhazurrahman/Desktop/Django/user/views.py changed, reloading.
[2025-12-10 13:59:42,433] INFO django.utils.autoreload - Watching for file changes with StatReloader
[2025-12-10 14:00:59,675] INFO django.utils.autoreload - /Users/minhazurrahman/Desktop/Django/user/views.py changed, reloading.
[2025-12-10 14:00:59,981] INFO django.utils.autoreload - Watching for file changes with StatReloader
[2025-12-10 14:01:05,231] INFO django.utils.autoreload - /Users/minhazurrahman/Desktop/Django/user/views.py changed, reloading.
[2025-12-10 14:01:05,426] INFO django.utils.autoreload - Watching for file changes with StatReloader
[2025-12-10 14:01:07,554] INFO django.utils.autoreload - /Users/minhazurrahman/Desktop/Django/user/views.py changed, reloading.
[2025-12-10 14:01:07,723] INFO django.utils.autoreload - Watching for file changes with StatReloader
[2025-12-10 14:01:08,787] INFO django.utils.autoreload - /Users/minhazurrahman/Desktop/Django/user/views.py changed, reloading.
[2025-12-10 14:01:08,986] INFO django.utils.autoreload - Watching for file changes with StatReloader
[2025-12-10 14:01:13,162] INFO django.utils.autoreload - /Users/minhazurrahman/Desktop/Django/user/views.py changed, reloading.
[2025-12-10 14:01:13,355] INFO django.utils.autoreload - Watching for file changes with StatReloader
[2025-12-10 14:01:16,513] INFO django.utils.autoreload - /Users/minhazurrahman/Desktop/Django/user/views.py changed, reloading.
[2025-12-10 14:01:16,698] INFO django.utils.autoreload - Watching for file changes with StatReloader
[2025-12-10 14:01:24,945] WARNING django.server - "POST /api/auth/verify-otp/ HTTP/1.1" 400 76
